<?xml version="1.0" encoding="UTF-8"?>
<!-- Generated by org.testng.reporters.JUnitXMLReporter -->
<testsuite ignored="0" hostname="DESKTOP-VEELU6H" failures="0" tests="2" name="Default test" time="0.235" errors="0" timestamp="2022-02-18T15:06:19 IST">
  <testcase classname="tests.Final_VerifyHeaderOfApplication" name="@BeforeTest launchBrowser" time="-1.645176979268E9">
    <failure type="org.testng.TestNGException" message="
Parameter &amp;apos;browser&amp;apos; is required by BeforeTest on method launchBrowser but has not been marked @Optional or defined
in C:\Users\Ashwini\AppData\Local\Temp\testng-eclipse-1940819686\testng-customsuite.xml">
      <![CDATA[org.testng.TestNGException: 
Parameter 'browser' is required by BeforeTest on method launchBrowser but has not been marked @Optional or defined
in C:\Users\Ashwini\AppData\Local\Temp\testng-eclipse-1940819686\testng-customsuite.xml
at org.testng.internal.Parameters.createParams(Parameters.java:270)
at org.testng.internal.Parameters.createParametersForMethod(Parameters.java:358)
at org.testng.internal.Parameters.createParameters(Parameters.java:700)
at org.testng.internal.Parameters.createConfigurationParameters(Parameters.java:168)
at org.testng.internal.ConfigInvoker.invokeConfigurations(ConfigInvoker.java:302)
at org.testng.TestRunner.invokeTestConfigurations(TestRunner.java:637)
at org.testng.TestRunner.beforeRun(TestRunner.java:627)
at org.testng.TestRunner.run(TestRunner.java:589)
at org.testng.SuiteRunner.runTest(SuiteRunner.java:377)
at org.testng.SuiteRunner.runSequentially(SuiteRunner.java:371)
at org.testng.SuiteRunner.privateRun(SuiteRunner.java:332)
at org.testng.SuiteRunner.run(SuiteRunner.java:276)
at org.testng.SuiteRunnerWorker.runSuite(SuiteRunnerWorker.java:53)
at org.testng.SuiteRunnerWorker.run(SuiteRunnerWorker.java:96)
at org.testng.TestNG.runSuitesSequentially(TestNG.java:1212)
at org.testng.TestNG.runSuitesLocally(TestNG.java:1134)
at org.testng.TestNG.runSuites(TestNG.java:1063)
at org.testng.TestNG.run(TestNG.java:1031)
at org.testng.remote.AbstractRemoteTestNG.run(AbstractRemoteTestNG.java:115)
at org.testng.remote.RemoteTestNG.initAndRun(RemoteTestNG.java:251)
at org.testng.remote.RemoteTestNG.main(RemoteTestNG.java:77)
]]>
    </failure>
  </testcase> <!-- @BeforeTest launchBrowser -->
  <testcase classname="tests.Final_VerifyHeaderOfApplication" name="@BeforeClass createPOMObject" time="-1.645176979353E9">
    <skipped/>
  </testcase> <!-- @BeforeClass createPOMObject -->
  <testcase classname="tests.Final_VerifyHeaderOfApplication" name="@BeforeClass launchBrowser" time="-1.64517697936E9">
    <skipped/>
  </testcase> <!-- @BeforeClass launchBrowser -->
  <testcase classname="tests.Final_VerifyHeaderOfApplication" name="@BeforeMethod loginToApplication" time="-1.64517697941E9">
    <skipped/>
  </testcase> <!-- @BeforeMethod loginToApplication -->
  <testcase classname="tests.Final_VerifyHeaderOfApplication" name="@AfterMethod logoutFromApplication" time="-1.645176979431E9">
    <skipped/>
  </testcase> <!-- @AfterMethod logoutFromApplication -->
  <testcase classname="tests.Final_VerifyHeaderOfApplication" name="@BeforeMethod loginToApplication" time="-1.645176979436E9">
    <skipped/>
  </testcase> <!-- @BeforeMethod loginToApplication -->
  <testcase classname="tests.Final_VerifyHeaderOfApplication" name="@AfterMethod logoutFromApplication" time="-1.645176979456E9">
    <skipped/>
  </testcase> <!-- @AfterMethod logoutFromApplication -->
  <testcase classname="tests.Final_VerifyHeaderOfApplication" name="@AfterClass clearPOMOObject" time="-1.645176979466E9">
    <skipped/>
  </testcase> <!-- @AfterClass clearPOMOObject -->
  <testcase classname="tests.Final_VerifyHeaderOfApplication" name="@AfterTest closeBrowser" time="-1.645176979484E9">
    <skipped/>
  </testcase> <!-- @AfterTest closeBrowser -->
  <testcase classname="tests.Final_VerifyHeaderOfApplication" name="toVerifyTaskButton" time="0.0">
    <skipped/>
  </testcase> <!-- toVerifyTaskButton -->
  <testcase classname="tests.Final_VerifyHeaderOfApplication" name="toVerifyUserButton" time="0.0">
    <skipped/>
  </testcase> <!-- toVerifyUserButton -->
</testsuite> <!-- Default test -->
